20:13:17.272 [TestNG-tests-1] INFO  testCases.TC_001_AccountRegistrationTest - Clicked on Registration link
20:13:17.331 [TestNG-tests-1] INFO  testCases.TC_001_AccountRegistrationTest - Entering customer details......
20:13:17.271 [TestNG-tests-2] INFO  testCases.TC_001_AccountRegistrationTest - Entering customer details......
20:13:23.502 [TestNG-tests-2] INFO  testCases.TC_001_AccountRegistrationTest - clicked on continue.....
20:13:23.643 [TestNG-tests-1] INFO  testCases.TC_001_AccountRegistrationTest - clicked on continue.....
20:13:24.057 [TestNG-tests-2] INFO  testCases.TC_001_AccountRegistrationTest - ****finished TC_001_AccountRegistrationTest *****
20:13:24.295 [TestNG-tests-1] INFO  testCases.TC_001_AccountRegistrationTest - ****finished TC_001_AccountRegistrationTest *****
20:32:15.833 [main] INFO  testCases.TC_001_AccountRegistrationTest - ******starting TC_001_AccountRegistrationTest ****
20:32:15.844 [main] DEBUG testCases.TC_001_AccountRegistrationTest - application logs....
20:32:16.741 [main] INFO  testCases.TC_001_AccountRegistrationTest - Clicked on MyAccount link
20:32:18.165 [main] INFO  testCases.TC_001_AccountRegistrationTest - Clicked on Registration link
20:32:18.166 [main] INFO  testCases.TC_001_AccountRegistrationTest - Entering customer details......
20:32:23.300 [main] INFO  testCases.TC_001_AccountRegistrationTest - clicked on continue.....
20:32:23.505 [main] INFO  testCases.TC_001_AccountRegistrationTest - ****finished TC_001_AccountRegistrationTest *****
11:39:09.340 [main] INFO  testCases.TC_001_AccountRegistrationTest - ******starting TC_001_AccountRegistrationTest ****
11:39:09.352 [main] DEBUG testCases.TC_001_AccountRegistrationTest - application logs....
11:39:09.925 [main] INFO  testCases.TC_001_AccountRegistrationTest - Clicked on MyAccount link
11:39:11.739 [main] INFO  testCases.TC_001_AccountRegistrationTest - Clicked on Registration link
11:39:11.740 [main] INFO  testCases.TC_001_AccountRegistrationTest - Entering customer details......
11:39:17.032 [main] INFO  testCases.TC_001_AccountRegistrationTest - clicked on continue.....
11:39:17.108 [main] INFO  testCases.TC_001_AccountRegistrationTest - ****finished TC_001_AccountRegistrationTest *****
12:29:58.963 [main] INFO  testCases.TC_001_AccountRegistrationTest - ******starting TC_001_AccountRegistrationTest ****
12:29:58.994 [main] DEBUG testCases.TC_001_AccountRegistrationTest - application logs....
12:30:00.174 [main] INFO  testCases.TC_001_AccountRegistrationTest - Clicked on MyAccount link
12:30:02.629 [main] INFO  testCases.TC_001_AccountRegistrationTest - Clicked on Registration link
12:30:02.630 [main] INFO  testCases.TC_001_AccountRegistrationTest - Entering customer details......
12:30:09.616 [main] INFO  testCases.TC_001_AccountRegistrationTest - clicked on continue.....
12:30:09.715 [main] INFO  testCases.TC_001_AccountRegistrationTest - ****finished TC_001_AccountRegistrationTest *****
12:30:22.733 [main] INFO  testCases.TC_002_LoginTest - *****Starting TC_002_LoginTest **** 
12:30:22.733 [main] DEBUG testCases.TC_002_LoginTest - capturing application debug logs....
12:30:24.027 [main] INFO  testCases.TC_002_LoginTest - clicked on myaccount link on the home page..
12:30:25.282 [main] INFO  testCases.TC_002_LoginTest - click on login link under myaccount..
12:30:25.293 [main] INFO  testCases.TC_002_LoginTest - Entering valid email and password
12:30:27.170 [main] INFO  testCases.TC_002_LoginTest - clicked on login button....
12:30:37.282 [main] INFO  testCases.TC_002_LoginTest - Login test failed
12:39:23.058 [main] INFO  testCases.TC_001_AccountRegistrationTest - ******starting TC_001_AccountRegistrationTest ****
12:39:23.070 [main] DEBUG testCases.TC_001_AccountRegistrationTest - application logs....
12:39:23.867 [main] INFO  testCases.TC_001_AccountRegistrationTest - Clicked on MyAccount link
12:39:24.991 [main] INFO  testCases.TC_001_AccountRegistrationTest - Clicked on Registration link
12:39:24.991 [main] INFO  testCases.TC_001_AccountRegistrationTest - Entering customer details......
12:39:29.237 [main] INFO  testCases.TC_001_AccountRegistrationTest - clicked on continue.....
12:39:29.307 [main] INFO  testCases.TC_001_AccountRegistrationTest - ****finished TC_001_AccountRegistrationTest *****
12:39:44.780 [main] INFO  testCases.TC_002_LoginTest - *****Starting TC_002_LoginTest **** 
12:39:44.780 [main] DEBUG testCases.TC_002_LoginTest - capturing application debug logs....
12:39:45.132 [main] INFO  testCases.TC_002_LoginTest - clicked on myaccount link on the home page..
12:39:46.441 [main] INFO  testCases.TC_002_LoginTest - click on login link under myaccount..
12:39:46.445 [main] INFO  testCases.TC_002_LoginTest - Entering valid email and password
12:39:48.361 [main] INFO  testCases.TC_002_LoginTest - clicked on login button....
12:39:58.469 [main] INFO  testCases.TC_002_LoginTest - Login test failed
12:45:43.953 [main] INFO  testCases.TC_001_AccountRegistrationTest - ******starting TC_001_AccountRegistrationTest ****
