19:20:14.697 [main] INFO  testCases.TC_001_AccountRegistrationTest - ******starting TC_001_AccountRegistrationTest ****
19:20:15.645 [main] INFO  testCases.TC_001_AccountRegistrationTest - Clicked on MyAccount link
19:20:18.260 [main] INFO  testCases.TC_001_AccountRegistrationTest - Clicked on Registration link
19:20:18.261 [main] INFO  testCases.TC_001_AccountRegistrationTest - Entering customer details......
19:20:25.070 [main] INFO  testCases.TC_001_AccountRegistrationTest - clicked on continue.....
19:20:25.159 [main] INFO  testCases.TC_001_AccountRegistrationTest - ****finished TC_001_AccountRegistrationTest *****
19:29:48.266 [main] INFO  testCases.TC_001_AccountRegistrationTest - ******starting TC_001_AccountRegistrationTest ****
19:29:48.273 [main] DEBUG testCases.TC_001_AccountRegistrationTest - application logs....
19:29:49.058 [main] INFO  testCases.TC_001_AccountRegistrationTest - Clicked on MyAccount link
19:29:50.053 [main] INFO  testCases.TC_001_AccountRegistrationTest - Clicked on Registration link
19:29:50.053 [main] INFO  testCases.TC_001_AccountRegistrationTest - Entering customer details......
19:29:54.361 [main] INFO  testCases.TC_001_AccountRegistrationTest - clicked on continue.....
19:29:54.439 [main] INFO  testCases.TC_001_AccountRegistrationTest - ****finished TC_001_AccountRegistrationTest *****
19:54:22.702 [main] INFO  testCases.TC_001_AccountRegistrationTest - ******starting TC_001_AccountRegistrationTest ****
19:54:22.713 [main] DEBUG testCases.TC_001_AccountRegistrationTest - application logs....
19:54:23.551 [main] INFO  testCases.TC_001_AccountRegistrationTest - Clicked on MyAccount link
19:54:24.906 [main] INFO  testCases.TC_001_AccountRegistrationTest - Clicked on Registration link
19:54:24.907 [main] INFO  testCases.TC_001_AccountRegistrationTest - Entering customer details......
19:54:29.253 [main] INFO  testCases.TC_001_AccountRegistrationTest - clicked on continue.....
19:54:29.358 [main] INFO  testCases.TC_001_AccountRegistrationTest - ****finished TC_001_AccountRegistrationTest *****
19:55:27.944 [main] INFO  testCases.TC_001_AccountRegistrationTest - ******starting TC_001_AccountRegistrationTest ****
19:55:27.953 [main] DEBUG testCases.TC_001_AccountRegistrationTest - application logs....
19:55:28.968 [main] INFO  testCases.TC_001_AccountRegistrationTest - Clicked on MyAccount link
19:55:30.271 [main] INFO  testCases.TC_001_AccountRegistrationTest - Clicked on Registration link
19:55:30.271 [main] INFO  testCases.TC_001_AccountRegistrationTest - Entering customer details......
19:55:35.290 [main] INFO  testCases.TC_001_AccountRegistrationTest - clicked on continue.....
19:55:35.393 [main] INFO  testCases.TC_001_AccountRegistrationTest - ****finished TC_001_AccountRegistrationTest *****
20:10:17.278 [main] INFO  testCases.TC_001_AccountRegistrationTest - ******starting TC_001_AccountRegistrationTest ****
20:10:17.289 [main] DEBUG testCases.TC_001_AccountRegistrationTest - application logs....
20:10:18.235 [main] INFO  testCases.TC_001_AccountRegistrationTest - Clicked on MyAccount link
20:10:19.658 [main] INFO  testCases.TC_001_AccountRegistrationTest - Clicked on Registration link
20:10:19.658 [main] INFO  testCases.TC_001_AccountRegistrationTest - Entering customer details......
20:10:24.791 [main] INFO  testCases.TC_001_AccountRegistrationTest - clicked on continue.....
20:10:24.893 [main] INFO  testCases.TC_001_AccountRegistrationTest - ****finished TC_001_AccountRegistrationTest *****
20:10:45.625 [main] INFO  testCases.TC_001_AccountRegistrationTest - ******starting TC_001_AccountRegistrationTest ****
20:10:45.625 [main] DEBUG testCases.TC_001_AccountRegistrationTest - application logs....
20:10:46.856 [main] INFO  testCases.TC_001_AccountRegistrationTest - Clicked on MyAccount link
20:10:48.458 [main] INFO  testCases.TC_001_AccountRegistrationTest - Clicked on Registration link
20:10:48.459 [main] INFO  testCases.TC_001_AccountRegistrationTest - Entering customer details......
20:10:53.776 [main] INFO  testCases.TC_001_AccountRegistrationTest - clicked on continue.....
20:10:53.851 [main] INFO  testCases.TC_001_AccountRegistrationTest - ****finished TC_001_AccountRegistrationTest *****
20:13:14.311 [TestNG-tests-2] INFO  testCases.TC_001_AccountRegistrationTest - ******starting TC_001_AccountRegistrationTest ****
20:13:14.320 [TestNG-tests-2] DEBUG testCases.TC_001_AccountRegistrationTest - application logs....
20:13:14.349 [TestNG-tests-1] INFO  testCases.TC_001_AccountRegistrationTest - ******starting TC_001_AccountRegistrationTest ****
20:13:14.351 [TestNG-tests-1] DEBUG testCases.TC_001_AccountRegistrationTest - application logs....
20:13:14.823 [TestNG-tests-1] INFO  testCases.TC_001_AccountRegistrationTest - Clicked on MyAccount link
20:13:14.824 [TestNG-tests-2] INFO  testCases.TC_001_AccountRegistrationTest - Clicked on MyAccount link
20:13:17.270 [TestNG-tests-2] INFO  testCases.TC_001_AccountRegistrationTest - Clicked on Registration link
